<?xml version="1.0" encoding="UTF-8"?>
<coverage generated="1549939940635" clover="3.2.0">
  <project timestamp="1549939940635" name="All files">
    <metrics statements="36" coveredstatements="27" conditionals="2" coveredconditionals="2" methods="15" coveredmethods="6" elements="53" coveredelements="35" complexity="0" loc="36" ncloc="36" packages="1" files="2" classes="2"/>
    <file name="config.js" path="/Users/carlos/ownCloud/carlos_data/system-config/personal_project/gitlab-chrome-image-preview/config.js">
      <metrics statements="3" coveredstatements="3" conditionals="0" coveredconditionals="0" methods="0" coveredmethods="0"/>
      <line num="1" count="1" type="stmt"/>
      <line num="3" count="1" type="stmt"/>
      <line num="5" count="1" type="stmt"/>
    </file>
    <file name="gitlab.js" path="/Users/carlos/ownCloud/carlos_data/system-config/personal_project/gitlab-chrome-image-preview/gitlab.js">
      <metrics statements="33" coveredstatements="24" conditionals="2" coveredconditionals="2" methods="15" coveredmethods="6"/>
      <line num="1" count="1" type="stmt"/>
      <line num="2" count="1" type="stmt"/>
      <line num="3" count="1" type="stmt"/>
      <line num="4" count="1" type="stmt"/>
      <line num="11" count="0" type="stmt"/>
      <line num="18" count="0" type="stmt"/>
      <line num="21" count="0" type="stmt"/>
      <line num="26" count="0" type="stmt"/>
      <line num="31" count="0" type="stmt"/>
      <line num="34" count="0" type="stmt"/>
      <line num="39" count="0" type="stmt"/>
      <line num="44" count="0" type="stmt"/>
      <line num="47" count="0" type="stmt"/>
      <line num="52" count="5" type="cond" truecount="2" falsecount="0"/>
      <line num="53" count="1" type="stmt"/>
      <line num="55" count="5" type="stmt"/>
      <line num="56" count="5" type="stmt"/>
      <line num="57" count="9" type="stmt"/>
      <line num="59" count="5" type="stmt"/>
      <line num="60" count="12" type="stmt"/>
      <line num="62" count="5" type="stmt"/>
      <line num="63" count="17" type="stmt"/>
      <line num="65" count="5" type="stmt"/>
      <line num="66" count="17" type="stmt"/>
      <line num="68" count="5" type="stmt"/>
      <line num="72" count="4" type="stmt"/>
      <line num="75" count="1" type="stmt"/>
      <line num="77" count="1" type="stmt"/>
      <line num="78" count="1" type="stmt"/>
      <line num="79" count="1" type="stmt"/>
      <line num="80" count="1" type="stmt"/>
      <line num="81" count="1" type="stmt"/>
      <line num="83" count="1" type="stmt"/>
    </file>
  </project>
</coverage>
