{"/Users/carlos/ownCloud/carlos_data/system-config/personal_project/gitlab-chrome-image-preview/config.js": {"path":"/Users/carlos/ownCloud/carlos_data/system-config/personal_project/gitlab-chrome-image-preview/config.js","statementMap":{"0":{"start":{"line":1,"column":0},"end":{"line":1,"column":46}},"1":{"start":{"line":3,"column":0},"end":{"line":3,"column":57}},"2":{"start":{"line":5,"column":0},"end":{"line":5,"column":33}}},"fnMap":{},"branchMap":{},"s":{"0":1,"1":1,"2":1},"f":{},"b":{},"_coverageSchema":"43e27e138ebf9cfc5966b082cf9a028302ed4184","hash":"4544daa7b820b2bfd836b022dfc6e103fc73ced9"}
,"/Users/carlos/ownCloud/carlos_data/system-config/personal_project/gitlab-chrome-image-preview/gitlab.js": {"path":"/Users/carlos/ownCloud/carlos_data/system-config/personal_project/gitlab-chrome-image-preview/gitlab.js","statementMap":{"0":{"start":{"line":1,"column":12},"end":{"line":1,"column":28}},"1":{"start":{"line":2,"column":13},"end":{"line":2,"column":30}},"2":{"start":{"line":3,"column":13},"end":{"line":3,"column":32}},"3":{"start":{"line":4,"column":28},"end":{"line":8,"column":2}},"4":{"start":{"line":11,"column":2},"end":{"line":22,"column":7}},"5":{"start":{"line":18,"column":6},"end":{"line":18,"column":26}},"6":{"start":{"line":21,"column":6},"end":{"line":21,"column":25}},"7":{"start":{"line":26,"column":2},"end":{"line":35,"column":7}},"8":{"start":{"line":31,"column":6},"end":{"line":31,"column":17}},"9":{"start":{"line":34,"column":6},"end":{"line":34,"column":22}},"10":{"start":{"line":39,"column":2},"end":{"line":48,"column":7}},"11":{"start":{"line":44,"column":6},"end":{"line":44,"column":17}},"12":{"start":{"line":47,"column":6},"end":{"line":47,"column":22}},"13":{"start":{"line":52,"column":2},"end":{"line":54,"column":3}},"14":{"start":{"line":53,"column":4},"end":{"line":53,"column":73}},"15":{"start":{"line":55,"column":20},"end":{"line":55,"column":40}},"16":{"start":{"line":56,"column":26},"end":{"line":58,"column":5}},"17":{"start":{"line":57,"column":4},"end":{"line":57,"column":29}},"18":{"start":{"line":59,"column":2},"end":{"line":61,"column":6}},"19":{"start":{"line":60,"column":4},"end":{"line":60,"column":32}},"20":{"start":{"line":62,"column":2},"end":{"line":64,"column":6}},"21":{"start":{"line":63,"column":4},"end":{"line":63,"column":25}},"22":{"start":{"line":65,"column":13},"end":{"line":67,"column":4}},"23":{"start":{"line":66,"column":4},"end":{"line":66,"column":52}},"24":{"start":{"line":68,"column":2},"end":{"line":68,"column":16}},"25":{"start":{"line":72,"column":2},"end":{"line":72,"column":47}},"26":{"start":{"line":75,"column":8},"end":{"line":75,"column":10}},"27":{"start":{"line":77,"column":0},"end":{"line":77,"column":36}},"28":{"start":{"line":78,"column":0},"end":{"line":78,"column":37}},"29":{"start":{"line":79,"column":0},"end":{"line":79,"column":44}},"30":{"start":{"line":80,"column":0},"end":{"line":80,"column":46}},"31":{"start":{"line":81,"column":0},"end":{"line":81,"column":58}},"32":{"start":{"line":83,"column":0},"end":{"line":83,"column":21}}},"fnMap":{"0":{"name":"QueryProjectMr","decl":{"start":{"line":10,"column":9},"end":{"line":10,"column":23}},"loc":{"start":{"line":10,"column":45},"end":{"line":23,"column":1}},"line":10},"1":{"name":"(anonymous_1)","decl":{"start":{"line":17,"column":10},"end":{"line":17,"column":11}},"loc":{"start":{"line":17,"column":18},"end":{"line":19,"column":5}},"line":17},"2":{"name":"(anonymous_2)","decl":{"start":{"line":20,"column":11},"end":{"line":20,"column":12}},"loc":{"start":{"line":20,"column":18},"end":{"line":22,"column":5}},"line":20},"3":{"name":"GitlabCommentMr","decl":{"start":{"line":25,"column":9},"end":{"line":25,"column":24}},"loc":{"start":{"line":25,"column":57},"end":{"line":36,"column":1}},"line":25},"4":{"name":"(anonymous_4)","decl":{"start":{"line":30,"column":10},"end":{"line":30,"column":11}},"loc":{"start":{"line":30,"column":14},"end":{"line":32,"column":5}},"line":30},"5":{"name":"(anonymous_5)","decl":{"start":{"line":33,"column":11},"end":{"line":33,"column":12}},"loc":{"start":{"line":33,"column":20},"end":{"line":35,"column":5}},"line":33},"6":{"name":"GitlabCommentissue","decl":{"start":{"line":38,"column":9},"end":{"line":38,"column":27}},"loc":{"start":{"line":38,"column":60},"end":{"line":49,"column":1}},"line":38},"7":{"name":"(anonymous_7)","decl":{"start":{"line":43,"column":10},"end":{"line":43,"column":11}},"loc":{"start":{"line":43,"column":14},"end":{"line":45,"column":5}},"line":43},"8":{"name":"(anonymous_8)","decl":{"start":{"line":46,"column":11},"end":{"line":46,"column":12}},"loc":{"start":{"line":46,"column":20},"end":{"line":48,"column":5}},"line":46},"9":{"name":"GitlabParseImageUrl","decl":{"start":{"line":51,"column":9},"end":{"line":51,"column":28}},"loc":{"start":{"line":51,"column":39},"end":{"line":69,"column":1}},"line":51},"10":{"name":"(anonymous_10)","decl":{"start":{"line":56,"column":64},"end":{"line":56,"column":65}},"loc":{"start":{"line":56,"column":71},"end":{"line":58,"column":3}},"line":56},"11":{"name":"(anonymous_11)","decl":{"start":{"line":59,"column":66},"end":{"line":59,"column":67}},"loc":{"start":{"line":59,"column":73},"end":{"line":61,"column":3}},"line":59},"12":{"name":"(anonymous_12)","decl":{"start":{"line":62,"column":66},"end":{"line":62,"column":67}},"loc":{"start":{"line":62,"column":73},"end":{"line":64,"column":3}},"line":62},"13":{"name":"(anonymous_13)","decl":{"start":{"line":65,"column":45},"end":{"line":65,"column":46}},"loc":{"start":{"line":65,"column":52},"end":{"line":67,"column":3}},"line":65},"14":{"name":"GitlabConverBlobPathToRaw","decl":{"start":{"line":71,"column":9},"end":{"line":71,"column":34}},"loc":{"start":{"line":71,"column":45},"end":{"line":73,"column":1}},"line":71}},"branchMap":{"0":{"loc":{"start":{"line":52,"column":2},"end":{"line":54,"column":3}},"type":"if","locations":[{"start":{"line":52,"column":2},"end":{"line":54,"column":3}},{"start":{"line":52,"column":2},"end":{"line":54,"column":3}}],"line":52}},"s":{"0":1,"1":1,"2":1,"3":1,"4":0,"5":0,"6":0,"7":0,"8":0,"9":0,"10":0,"11":0,"12":0,"13":5,"14":1,"15":5,"16":5,"17":9,"18":5,"19":12,"20":5,"21":17,"22":5,"23":17,"24":5,"25":4,"26":1,"27":1,"28":1,"29":1,"30":1,"31":1,"32":1},"f":{"0":0,"1":0,"2":0,"3":0,"4":0,"5":0,"6":0,"7":0,"8":0,"9":5,"10":9,"11":12,"12":17,"13":17,"14":4},"b":{"0":[1,4]},"_coverageSchema":"43e27e138ebf9cfc5966b082cf9a028302ed4184","hash":"2133a572575def0a376a724c3ac59ecbfb61cd1f"}
}
