TN:
SF:/Users/carlos/ownCloud/carlos_data/system-config/personal_project/gitlab-chrome-image-preview/config.js
FNF:0
FNH:0
DA:1,1
DA:3,1
DA:5,1
LF:3
LH:3
BRF:0
BRH:0
end_of_record
TN:
SF:/Users/carlos/ownCloud/carlos_data/system-config/personal_project/gitlab-chrome-image-preview/gitlab.js
FN:10,QueryProjectMr
FN:17,(anonymous_1)
FN:20,(anonymous_2)
FN:25,GitlabCommentMr
FN:30,(anonymous_4)
FN:33,(anonymous_5)
FN:38,GitlabCommentissue
FN:43,(anonymous_7)
FN:46,(anonymous_8)
FN:51,GitlabParseImageUrl
FN:56,(anonymous_10)
FN:59,(anonymous_11)
FN:62,(anonymous_12)
FN:65,(anonymous_13)
FN:71,GitlabConverBlobPathToRaw
FNF:15
FNH:6
FNDA:0,QueryProjectMr
FNDA:0,(anonymous_1)
FNDA:0,(anonymous_2)
FNDA:0,GitlabCommentMr
FNDA:0,(anonymous_4)
FNDA:0,(anonymous_5)
FNDA:0,GitlabCommentissue
FNDA:0,(anonymous_7)
FNDA:0,(anonymous_8)
FNDA:5,GitlabParseImageUrl
FNDA:9,(anonymous_10)
FNDA:12,(anonymous_11)
FNDA:17,(anonymous_12)
FNDA:17,(anonymous_13)
FNDA:4,GitlabConverBlobPathToRaw
DA:1,1
DA:2,1
DA:3,1
DA:4,1
DA:11,0
DA:18,0
DA:21,0
DA:26,0
DA:31,0
DA:34,0
DA:39,0
DA:44,0
DA:47,0
DA:52,5
DA:53,1
DA:55,5
DA:56,5
DA:57,9
DA:59,5
DA:60,12
DA:62,5
DA:63,17
DA:65,5
DA:66,17
DA:68,5
DA:72,4
DA:75,1
DA:77,1
DA:78,1
DA:79,1
DA:80,1
DA:81,1
DA:83,1
LF:33
LH:24
BRDA:52,0,0,1
BRDA:52,0,1,4
BRF:2
BRH:2
end_of_record
